🔗 Conectando rutas de ventas y estadísticas...
✅ Rutas de ventas y estadísticas conectadas.
🚀 Servidor de desarrollo ejecutándose en http://localhost:3001
Ambiente: development
📊 Estadísticas de ventas consultadas por admin
📝 Actualizando producto: 82
📦 Datos recibidos: {
  "id": 82,
  "name": "Austral",
  "price": "$48.000",
  "category": "Carteras",
  "description": "disponible en color beige.",
  "inStock": true,
  "imagesUrl": [
    "https://i.postimg.cc/9QBG5Gq5/Austral.jpg",
    "https://i.postimg.cc/vZyWNPT7/Austral-1.jpg",
    "https://i.postimg.cc/BvQ2qX2y/Austral2.jpg"
  ],
  "isFeatured": true,
  "isNew": false,
  "discountPercentage": 0,
  "variants": [
    {
      "color_name": "Beige",
      "in_stock": true
    }
  ]
}
